Processing 12370 rows with 2 workers...
  100/12370 — written:0 skipped:91 errors:0
  200/12370 — written:0 skipped:180 errors:0
  300/12370 — written:0 skipped:263 errors:0
  400/12370 — written:0 skipped:344 errors:0
  500/12370 — written:0 skipped:431 errors:0
  600/12370 — written:0 skipped:519 errors:0
  700/12370 — written:0 skipped:603 errors:0
  800/12370 — written:0 skipped:695 errors:0
  900/12370 — written:0 skipped:783 errors:0
  1000/12370 — written:3 skipped:860 errors:0
  1100/12370 — written:12 skipped:951 errors:0
  1200/12370 — written:18 skipped:991 errors:54
  1300/12370 — written:18 skipped:993 errors:152
  1400/12370 — written:18 skipped:994 errors:251
  1500/12370 — written:18 skipped:998 errors:347
  1600/12370 — written:18 skipped:1014 errors:431
  1700/12370 — written:18 skipped:1019 errors:524
  1800/12370 — written:18 skipped:1021 errors:622
  1900/12370 — written:18 skipped:1025 errors:718
  2000/12370 — written:18 skipped:1047 errors:796
  2100/12370 — written:18 skipped:1061 errors:882
  2200/12370 — written:18 skipped:1072 errors:971
  2300/12370 — written:18 skipped:1092 errors:1051
  2400/12370 — written:18 skipped:1098 errors:1144
  2500/12370 — written:18 skipped:1121 errors:1221
  2600/12370 — written:18 skipped:1122 errors:1320
  2700/12370 — written:18 skipped:1137 errors:1404
  2800/12370 — written:18 skipped:1161 errors:1480
  2900/12370 — written:18 skipped:1195 errors:1545
  3000/12370 — written:18 skipped:1265 errors:1561
  3100/12370 — written:18 skipped:1351 errors:1561
  3200/12370 — written:18 skipped:1432 errors:1561
  3300/12370 — written:18 skipped:1518 errors:1561
  3400/12370 — written:19 skipped:1575 errors:1596
  3500/12370 — written:19 skipped:1623 errors:1648
  3600/12370 — written:19 skipped:1670 errors:1701
  3700/12370 — written:19 skipped:1709 errors:1762
  3800/12370 — written:19 skipped:1761 errors:1810
  3900/12370 — written:19 skipped:1809 errors:1862
  4000/12370 — written:19 skipped:1854 errors:1917
  4100/12370 — written:19 skipped:1905 errors:1966
  4200/12370 — written:19 skipped:1960 errors:2011
  4300/12370 — written:19 skipped:2014 errors:2057
  4400/12370 — written:29 skipped:2097 errors:2063
  4500/12370 — written:41 skipped:2185 errors:2063
  4600/12370 — written:60 skipped:2266 errors:2063
  4700/12370 — written:61 skipped:2321 errors:2107
  4800/12370 — written:61 skipped:2360 errors:2168
  4900/12370 — written:61 skipped:2414 errors:2214
  5000/12370 — written:61 skipped:2465 errors:2263
  5100/12370 — written:61 skipped:2520 errors:2308
  5200/12370 — written:61 skipped:2560 errors:2368
  5300/12370 — written:61 skipped:2606 errors:2422
  5400/12370 — written:61 skipped:2656 errors:2472
  5500/12370 — written:61 skipped:2697 errors:2531
  5600/12370 — written:61 skipped:2743 errors:2585
  5700/12370 — written:61 skipped:2774 errors:2654
  5800/12370 — written:61 skipped:2819 errors:2709
  5900/12370 — written:61 skipped:2861 errors:2767
  6000/12370 — written:62 skipped:2900 errors:2827
  6100/12370 — written:62 skipped:2959 errors:2868
  6200/12370 — written:62 skipped:3006 errors:2921
  6300/12370 — written:62 skipped:3049 errors:2978
  6400/12370 — written:62 skipped:3095 errors:3032
  6500/12370 — written:68 skipped:3115 errors:3106
  6600/12370 — written:68 skipped:3115 errors:3206
  6700/12370 — written:75 skipped:3131 errors:3281
  6800/12370 — written:75 skipped:3155 errors:3357
  6900/12370 — written:75 skipped:3202 errors:3410
  7000/12370 — written:75 skipped:3221 errors:3491
  7100/12370 — written:75 skipped:3235 errors:3577
  7200/12370 — written:76 skipped:3248 errors:3663
  7300/12370 — written:76 skipped:3251 errors:3760
  7400/12370 — written:77 skipped:3280 errors:3830
  7500/12370 — written:78 skipped:3296 errors:3913
  7600/12370 — written:79 skipped:3326 errors:3982
  7700/12370 — written:79 skipped:3355 errors:4053
  7800/12370 — written:79 skipped:3375 errors:4133
  7900/12370 — written:79 skipped:3396 errors:4212
  8000/12370 — written:80 skipped:3426 errors:4281
  8100/12370 — written:80 skipped:3452 errors:4355
  8200/12370 — written:101 skipped:3493 errors:4393
  8300/12370 — written:115 skipped:3579 errors:4393
  8400/12370 — written:132 skipped:3662 errors:4393
  8500/12370 — written:156 skipped:3738 errors:4393
  8600/12370 — written:181 skipped:3813 errors:4393
  8700/12370 — written:193 skipped:3886 errors:4393
  8800/12370 — written:203 skipped:3970 errors:4393
  8900/12370 — written:220 skipped:4032 errors:4410
  9000/12370 — written:221 skipped:4049 errors:4492
  9100/12370 — written:221 skipped:4068 errors:4573
  9200/12370 — written:222 skipped:4078 errors:4662
  9300/12370 — written:223 skipped:4100 errors:4739
  9400/12370 — written:223 skipped:4116 errors:4823
  9500/12370 — written:223 skipped:4122 errors:4917
  9600/12370 — written:223 skipped:4126 errors:5013
  9700/12370 — written:223 skipped:4131 errors:5107
  9800/12370 — written:223 skipped:4132 errors:5206
  9900/12370 — written:223 skipped:4135 errors:5303
  10000/12370 — written:223 skipped:4138 errors:5400
  10100/12370 — written:225 skipped:4140 errors:5496
  10200/12370 — written:225 skipped:4141 errors:5595
  10300/12370 — written:225 skipped:4142 errors:5694
  10400/12370 — written:225 skipped:4142 errors:5794
  10500/12370 — written:225 skipped:4144 errors:5890
  10600/12370 — written:225 skipped:4145 errors:5988
  10700/12370 — written:225 skipped:4146 errors:6086
  10800/12370 — written:232 skipped:4202 errors:6123
  10900/12370 — written:250 skipped:4284 errors:6123
  11000/12370 — written:252 skipped:4382 errors:6123
  11100/12370 — written:255 skipped:4478 errors:6123
  11200/12370 — written:257 skipped:4576 errors:6123
  11300/12370 — written:259 skipped:4674 errors:6123
  11400/12370 — written:263 skipped:4755 errors:6138
  11500/12370 — written:263 skipped:4804 errors:6189
  11600/12370 — written:263 skipped:4843 errors:6250
  11700/12370 — written:263 skipped:4852 errors:6341
  11800/12370 — written:263 skipped:4860 errors:6402
  11900/12370 — written:263 skipped:4923 errors:6402
  12000/12370 — written:263 skipped:4947 errors:6402
  12100/12370 — written:263 skipped:4947 errors:6402
  12200/12370 — written:263 skipped:4947 errors:6402
  12300/12370 — written:263 skipped:4947 errors:6402
  12370/12370 — written:263 skipped:4983 errors:6421

Done.
  Written:       263
  Skipped:       4983
  Already done:  244
  Dry-run saves: 0
  Errors:        6421
